#
# A fatal error has been detected by the Java Runtime Environment:
#
#  EXCEPTION_ACCESS_VIOLATION (0xc0000005) at pc=0x00007fff44861222, pid=1668, tid=0x00000000000006b0
#
# JRE version: Java(TM) SE Runtime Environment (8.0_181-b13) (build 1.8.0_181-b13)
# Java VM: Java HotSpot(TM) 64-Bit Server VM (25.181-b13 mixed mode windows-amd64 compressed oops)
# Problematic frame:
# C  [glfw.dll+0x1222]
#
# Failed to write core dump. Minidumps are not enabled by default on client versions of Windows
#
# If you would like to submit a bug report, please visit:
#   http://bugreport.java.com/bugreport/crash.jsp
# The crash happened outside the Java Virtual Machine in native code.
# See problematic frame for where to report the bug.
#

---------------  T H R E A D  ---------------

Current thread (0x0000000002794000):  JavaThread "main" [_thread_in_native, id=1712, stack(0x00000000025b0000,0x00000000026b0000)]

siginfo: ExceptionCode=0xc0000005, reading address 0x00000000000001f9

Registers:
RAX=0x0000000000000001, RBX=0x0000000014966780, RCX=0x00000000026aef40, RDX=0x0000000000000000
RSP=0x00000000026aeef0, RBP=0x00000000026af020, RSI=0x0000000000000258, RDI=0x00000000000003e8
R8 =0x0000000017116a44, R9 =0x0000000000000000, R10=0x0000000000000001, R11=0x0000000062ccc6a0
R12=0x0000000000000000, R13=0x0000000014966780, R14=0x0000000000000000, R15=0x0000000002794000
RIP=0x00007fff44861222, EFLAGS=0x0000000000010202

Top of Stack: (sp=0x00000000026aeef0)
0x00000000026aeef0:   0000000000000000 00000000144a74a8
0x00000000026aef00:   000037dcd32dc7cc 0000000062ac7898
0x00000000026aef10:   00000000026af070 00007fff4486617d
0x00000000026aef20:   00000000026af070 0000000000dd8340
0x00000000026aef30:   000000014ccccab7 00000000000000ff
0x00000000026aef40:   0003600100030001 0000000000000001
0x00000000026aef50:   0000000000000000 0000000000000000
0x00000000026aef60:   0000000000000000 0000000000000001
0x00000000026aef70:   0000000000000000 0000000062d7b4c8
0x00000000026aef80:   00000258000003e8 0000000017116a44
0x00000000026aef90:   0000000100000001 0000000100000001
0x00000000026aefa0:   0000000000000001 0000000100000000
0x00000000026aefb0:   0000000000000001 0000000000000001
0x00000000026aefc0:   0000000000000000 0000000000000000
0x00000000026aefd0:   0000000000000000 0000000000000000
0x00000000026aefe0:   0000000000000000 0000000000000000 

Instructions: (pc=0x00007fff44861222)
0x00007fff44861202:   c3 cc cc cc cc cc cc cc cc cc cc cc cc cc 48 83
0x00007fff44861212:   ec 28 48 8b 41 28 48 85 c0 74 21 83 39 00 74 09
0x00007fff44861222:   83 b8 f8 01 00 00 00 75 13 33 d2 b9 0a 00 01 00
0x00007fff44861232:   e8 29 0a 00 00 33 c0 48 83 c4 28 c3 44 8b 41 04 


Register to memory mapping:

RAX=0x0000000000000001 is an unknown value
RBX={method} {0x0000000014966788} 'invokePPPP' '(IIJJJJ)J' in 'org/lwjgl/system/JNI'
RCX=0x00000000026aef40 is pointing into the stack for thread: 0x0000000002794000
RDX=0x0000000000000000 is an unknown value
RSP=0x00000000026aeef0 is pointing into the stack for thread: 0x0000000002794000
RBP=0x00000000026af020 is pointing into the stack for thread: 0x0000000002794000
RSI=0x0000000000000258 is an unknown value
RDI=0x00000000000003e8 is an unknown value
R8 =0x0000000017116a44 is an unknown value
R9 =0x0000000000000000 is an unknown value
R10=0x0000000000000001 is an unknown value
R11=0x0000000062ccc6a0 is an unknown value
R12=0x0000000000000000 is an unknown value
R13={method} {0x0000000014966788} 'invokePPPP' '(IIJJJJ)J' in 'org/lwjgl/system/JNI'
R14=0x0000000000000000 is an unknown value
R15=0x0000000002794000 is a thread


Stack: [0x00000000025b0000,0x00000000026b0000],  sp=0x00000000026aeef0,  free space=1019k
Native frames: (J=compiled Java code, j=interpreted, Vv=VM code, C=native code)
C  [glfw.dll+0x1222]
C  [glfw.dll+0x617d]
C  0x00000000028a8c67

Java frames: (J=compiled Java code, j=interpreted, Vv=VM code)
j  org.lwjgl.system.JNI.invokePPPP(IIJJJJ)J+0
j  org.lwjgl.glfw.GLFW.nglfwCreateWindow(IIJJJ)J+14
j  org.lwjgl.glfw.GLFW.glfwCreateWindow(IILjava/lang/CharSequence;JJ)J+37
j  GameProject.WindowTutorial.<init>()V+33
j  GameProject.GameProject.main([Ljava/lang/String;)V+4
v  ~StubRoutines::call_stub

---------------  P R O C E S S  ---------------

Java Threads: ( => current thread )
  0x00000000167bb000 JavaThread "Service Thread" daemon [_thread_blocked, id=4068, stack(0x0000000016b90000,0x0000000016c90000)]
  0x0000000014e6a800 JavaThread "C1 CompilerThread2" daemon [_thread_blocked, id=4212, stack(0x0000000016690000,0x0000000016790000)]
  0x0000000014e36000 JavaThread "C2 CompilerThread1" daemon [_thread_blocked, id=1704, stack(0x0000000016590000,0x0000000016690000)]
  0x0000000014e33800 JavaThread "C2 CompilerThread0" daemon [_thread_blocked, id=4116, stack(0x0000000016490000,0x0000000016590000)]
  0x0000000014e32000 JavaThread "Attach Listener" daemon [_thread_blocked, id=2144, stack(0x0000000016390000,0x0000000016490000)]
  0x0000000014e2e800 JavaThread "Signal Dispatcher" daemon [_thread_blocked, id=4908, stack(0x0000000016290000,0x0000000016390000)]
  0x000000000288d800 JavaThread "Finalizer" daemon [_thread_blocked, id=312, stack(0x0000000016090000,0x0000000016190000)]
  0x0000000014df9800 JavaThread "Reference Handler" daemon [_thread_blocked, id=1540, stack(0x0000000015f90000,0x0000000016090000)]
=>0x0000000002794000 JavaThread "main" [_thread_in_native, id=1712, stack(0x00000000025b0000,0x00000000026b0000)]

Other Threads:
  0x0000000014df7800 VMThread [stack: 0x0000000015e90000,0x0000000015f90000] [id=3760]
  0x00000000167cc000 WatcherThread [stack: 0x0000000016c90000,0x0000000016d90000] [id=520]

VM state:not at safepoint (normal execution)

VM Mutex/Monitor currently owned by a thread: None

Heap:
 PSYoungGen      total 18432K, used 9185K [0x00000000eb580000, 0x00000000eca00000, 0x0000000100000000)
  eden space 15872K, 57% used [0x00000000eb580000,0x00000000ebe78508,0x00000000ec500000)
  from space 2560K, 0% used [0x00000000ec780000,0x00000000ec780000,0x00000000eca00000)
  to   space 2560K, 0% used [0x00000000ec500000,0x00000000ec500000,0x00000000ec780000)
 ParOldGen       total 42496K, used 0K [0x00000000c2000000, 0x00000000c4980000, 0x00000000eb580000)
  object space 42496K, 0% used [0x00000000c2000000,0x00000000c2000000,0x00000000c4980000)
 Metaspace       used 5656K, capacity 5874K, committed 6144K, reserved 1056768K
  class space    used 599K, capacity 675K, committed 768K, reserved 1048576K

Card table byte_map: [0x0000000011c50000,0x0000000011e50000] byte_map_base: 0x0000000011640000

Marking Bits: (ParMarkBitMap*) 0x00000000632c2d00
 Begin Bits: [0x00000000123a0000, 0x0000000013320000)
 End Bits:   [0x0000000013320000, 0x00000000142a0000)

Polling page: 0x0000000000ce0000

CodeCache: size=245760Kb used=2507Kb max_used=2507Kb free=243252Kb
 bounds [0x0000000002890000, 0x0000000002b10000, 0x0000000011890000]
 total_blobs=1271 nmethods=495 adapters=689
 compilation: enabled

Compilation events (10 events):
Event: 0.363 Thread 0x0000000014e6a800  490   !   3       java.lang.ref.Finalizer::add (41 bytes)
Event: 0.363 Thread 0x0000000014e6a800 nmethod 490 0x0000000002ac1e50 code [0x0000000002ac1fc0, 0x0000000002ac2370]
Event: 0.365 Thread 0x0000000014e6a800  491       3       sun.misc.URLClassPath$JarLoader::findResource (18 bytes)
Event: 0.365 Thread 0x0000000014e6a800 nmethod 491 0x0000000002ac1950 code [0x0000000002ac1ac0, 0x0000000002ac1d58]
Event: 0.367 Thread 0x0000000014e6a800  494       3       org.lwjgl.system.MemoryUtil::encodeASCII (66 bytes)
Event: 0.367 Thread 0x0000000014e6a800 nmethod 494 0x0000000002ac3c10 code [0x0000000002ac3da0, 0x0000000002ac4198]
Event: 0.367 Thread 0x0000000014e6a800  495       3       java.nio.DirectByteBuffer::ix (10 bytes)
Event: 0.367 Thread 0x0000000014e6a800 nmethod 495 0x0000000002ac4310 code [0x0000000002ac4460, 0x0000000002ac45b0]
Event: 0.410 Thread 0x0000000014e6a800  496       3       java.lang.String::equalsIgnoreCase (48 bytes)
Event: 0.410 Thread 0x0000000014e6a800 nmethod 496 0x0000000002b02b50 code [0x0000000002b02cc0, 0x0000000002b03028]

GC Heap History (0 events):
No events

Deoptimization events (1 events):
Event: 0.151 Thread 0x0000000002794000 Uncommon trap: reason=unstable_if action=reinterpret pc=0x00000000029b0c78 method=java.lang.String.hashCode()I @ 14

Classes redefined (0 events):
No events

Internal exceptions (10 events):
Event: 0.253 Thread 0x0000000002794000 Exception <a 'java/lang/NoSuchFieldError': method resolution failed> (0x00000000eba8d6b8) thrown at [C:\re\workspace\8-2-build-windows-amd64-cygwin\jdk8u181\11358\hotspot\src\share\vm\prims\methodHandles.cpp, line 1167]
Event: 0.254 Thread 0x0000000002794000 Exception <a 'java/lang/NoSuchFieldError': method resolution failed> (0x00000000eba9aba0) thrown at [C:\re\workspace\8-2-build-windows-amd64-cygwin\jdk8u181\11358\hotspot\src\share\vm\prims\methodHandles.cpp, line 1167]
Event: 0.306 Thread 0x0000000002794000 Exception <a 'java/security/PrivilegedActionException'> (0x00000000ebc50f68) thrown at [C:\re\workspace\8-2-build-windows-amd64-cygwin\jdk8u181\11358\hotspot\src\share\vm\prims\jvm.cpp, line 1435]
Event: 0.306 Thread 0x0000000002794000 Exception <a 'java/security/PrivilegedActionException'> (0x00000000ebc51178) thrown at [C:\re\workspace\8-2-build-windows-amd64-cygwin\jdk8u181\11358\hotspot\src\share\vm\prims\jvm.cpp, line 1435]
Event: 0.307 Thread 0x0000000002794000 Exception <a 'java/security/PrivilegedActionException'> (0x00000000ebc55088) thrown at [C:\re\workspace\8-2-build-windows-amd64-cygwin\jdk8u181\11358\hotspot\src\share\vm\prims\jvm.cpp, line 1435]
Event: 0.307 Thread 0x0000000002794000 Exception <a 'java/security/PrivilegedActionException'> (0x00000000ebc55298) thrown at [C:\re\workspace\8-2-build-windows-amd64-cygwin\jdk8u181\11358\hotspot\src\share\vm\prims\jvm.cpp, line 1435]
Event: 0.339 Thread 0x0000000002794000 Exception <a 'sun/nio/fs/WindowsException'> (0x00000000ebd0b408) thrown at [C:\re\workspace\8-2-build-windows-amd64-cygwin\jdk8u181\11358\hotspot\src\share\vm\prims\jni.cpp, line 709]
Event: 0.340 Thread 0x0000000002794000 Exception <a 'sun/nio/fs/WindowsException'> (0x00000000ebd0bd08) thrown at [C:\re\workspace\8-2-build-windows-amd64-cygwin\jdk8u181\11358\hotspot\src\share\vm\prims\jni.cpp, line 709]
Event: 0.346 Thread 0x0000000002794000 Exception <a 'sun/nio/fs/WindowsException'> (0x00000000ebd1fc00) thrown at [C:\re\workspace\8-2-build-windows-amd64-cygwin\jdk8u181\11358\hotspot\src\share\vm\prims\jni.cpp, line 709]
Event: 0.346 Thread 0x0000000002794000 Exception <a 'sun/nio/fs/WindowsException'> (0x00000000ebd20338) thrown at [C:\re\workspace\8-2-build-windows-amd64-cygwin\jdk8u181\11358\hotspot\src\share\vm\prims\jni.cpp, line 709]

Events (10 events):
Event: 0.362 loading class org/lwjgl/BufferUtils
Event: 0.362 loading class org/lwjgl/BufferUtils done
Event: 0.363 loading class org/lwjgl/system/windows/WinBase
Event: 0.363 loading class org/lwjgl/system/windows/WinBase done
Event: 0.365 loading class org/lwjgl/glfw/GLFW$Functions
Event: 0.365 loading class org/lwjgl/glfw/GLFW$Functions done
Event: 0.367 loading class org/lwjgl/system/JNI
Event: 0.367 loading class org/lwjgl/system/JNI done
Event: 0.409 loading class org/lwjgl/glfw/EventLoop$OffScreen
Event: 0.409 loading class org/lwjgl/glfw/EventLoop$OffScreen done


Dynamic libraries:
0x00007ff77a0c0000 - 0x00007ff77a0f7000 	C:\Program Files\Java\jdk1.8.0_181\bin\java.exe
0x00007fff5ca00000 - 0x00007fff5cbed000 	C:\WINDOWS\SYSTEM32\ntdll.dll
0x00007fff5bf10000 - 0x00007fff5bfc3000 	C:\WINDOWS\System32\KERNEL32.DLL
0x00007fff59970000 - 0x00007fff59c03000 	C:\WINDOWS\System32\KERNELBASE.dll
0x00007fff5bfd0000 - 0x00007fff5c073000 	C:\WINDOWS\System32\ADVAPI32.dll
0x00007fff5b830000 - 0x00007fff5b8ce000 	C:\WINDOWS\System32\msvcrt.dll
0x00007fff5c7c0000 - 0x00007fff5c85e000 	C:\WINDOWS\System32\sechost.dll
0x00007fff5c130000 - 0x00007fff5c252000 	C:\WINDOWS\System32\RPCRT4.dll
0x00007fff5b9a0000 - 0x00007fff5bb37000 	C:\WINDOWS\System32\USER32.dll
0x00007fff59950000 - 0x00007fff59970000 	C:\WINDOWS\System32\win32u.dll
0x00007fff5bb40000 - 0x00007fff5bb69000 	C:\WINDOWS\System32\GDI32.dll
0x00007fff595d0000 - 0x00007fff5976a000 	C:\WINDOWS\System32\gdi32full.dll
0x00007fff592a0000 - 0x00007fff59340000 	C:\WINDOWS\System32\msvcp_win.dll
0x00007fff59770000 - 0x00007fff5986a000 	C:\WINDOWS\System32\ucrtbase.dll
0x00007fff49160000 - 0x00007fff493d9000 	C:\WINDOWS\WinSxS\amd64_microsoft.windows.common-controls_6595b64144ccf1df_6.0.17763.475_none_05b43ca607202c6c\COMCTL32.dll
0x00007fff5bbe0000 - 0x00007fff5bf0c000 	C:\WINDOWS\System32\combase.dll
0x00007fff58ad0000 - 0x00007fff58b4e000 	C:\WINDOWS\System32\bcryptPrimitives.dll
0x00007fff5c080000 - 0x00007fff5c0ae000 	C:\WINDOWS\System32\IMM32.DLL
0x00000000629c0000 - 0x0000000062a92000 	C:\Program Files\Java\jdk1.8.0_181\jre\bin\msvcr100.dll
0x0000000062aa0000 - 0x0000000063342000 	C:\Program Files\Java\jdk1.8.0_181\jre\bin\server\jvm.dll
0x00007fff5c2d0000 - 0x00007fff5c2d8000 	C:\WINDOWS\System32\PSAPI.DLL
0x00007fff550d0000 - 0x00007fff550d9000 	C:\WINDOWS\SYSTEM32\WSOCK32.dll
0x00007fff5c260000 - 0x00007fff5c2cd000 	C:\WINDOWS\System32\WS2_32.dll
0x00007fff50d70000 - 0x00007fff50d94000 	C:\WINDOWS\SYSTEM32\WINMM.dll
0x00007fff54c70000 - 0x00007fff54c7a000 	C:\WINDOWS\SYSTEM32\VERSION.dll
0x00007fff50d40000 - 0x00007fff50d6d000 	C:\WINDOWS\SYSTEM32\WINMMBASE.dll
0x00007fff59340000 - 0x00007fff5938a000 	C:\WINDOWS\System32\cfgmgr32.dll
0x0000000062970000 - 0x000000006297f000 	C:\Program Files\Java\jdk1.8.0_181\jre\bin\verify.dll
0x0000000062940000 - 0x0000000062969000 	C:\Program Files\Java\jdk1.8.0_181\jre\bin\java.dll
0x0000000062920000 - 0x0000000062936000 	C:\Program Files\Java\jdk1.8.0_181\jre\bin\zip.dll
0x00007fff59ec0000 - 0x00007fff5b3b0000 	C:\WINDOWS\System32\SHELL32.dll
0x00007fff5b5a0000 - 0x00007fff5b648000 	C:\WINDOWS\System32\shcore.dll
0x00007fff58b50000 - 0x00007fff5929a000 	C:\WINDOWS\System32\windows.storage.dll
0x00007fff58a80000 - 0x00007fff58aa4000 	C:\WINDOWS\System32\profapi.dll
0x00007fff58a20000 - 0x00007fff58a7d000 	C:\WINDOWS\System32\powrprof.dll
0x00007fff5c0b0000 - 0x00007fff5c102000 	C:\WINDOWS\System32\shlwapi.dll
0x00007fff58ab0000 - 0x00007fff58ac1000 	C:\WINDOWS\System32\kernel.appcore.dll
0x00007fff59c10000 - 0x00007fff59c27000 	C:\WINDOWS\System32\cryptsp.dll
0x0000000062900000 - 0x000000006291a000 	C:\Program Files\Java\jdk1.8.0_181\jre\bin\net.dll
0x00007fff58230000 - 0x00007fff58297000 	C:\WINDOWS\system32\mswsock.dll
0x00000000628e0000 - 0x00000000628f1000 	C:\Program Files\Java\jdk1.8.0_181\jre\bin\nio.dll
0x00007fff55060000 - 0x00007fff550c4000 	C:\Users\1styrGroupB\AppData\Local\Temp\lwjgl1styrGroupB\3.2.3-build-13\lwjgl.dll
0x00007fff44860000 - 0x00007fff448c2000 	C:\Users\1STYRG~2\AppData\Local\Temp\lwjgl1styrGroupB\3.2.3-build-13\glfw.dll
0x00007fff56f20000 - 0x00007fff56fbc000 	C:\WINDOWS\system32\uxtheme.dll
0x00007fff44810000 - 0x00007fff44854000 	C:\WINDOWS\SYSTEM32\dinput8.dll
0x00007fff55100000 - 0x00007fff55111000 	C:\WINDOWS\SYSTEM32\xinput1_4.dll
0x00007fff58810000 - 0x00007fff58839000 	C:\WINDOWS\SYSTEM32\DEVOBJ.dll
0x00007fff57010000 - 0x00007fff5703e000 	C:\WINDOWS\SYSTEM32\dwmapi.dll
0x00007fff593f0000 - 0x00007fff595cb000 	C:\WINDOWS\System32\CRYPT32.dll
0x00007fff58a00000 - 0x00007fff58a12000 	C:\WINDOWS\System32\MSASN1.dll
0x00007fff4bb00000 - 0x00007fff4bbcc000 	C:\WINDOWS\SYSTEM32\inputhost.dll
0x00007fff4a700000 - 0x00007fff4a7e2000 	C:\WINDOWS\SYSTEM32\CoreMessaging.dll
0x00007fff570f0000 - 0x00007fff572fd000 	C:\WINDOWS\SYSTEM32\twinapi.appcore.dll
0x00007fff4aba0000 - 0x00007fff4aec2000 	C:\WINDOWS\SYSTEM32\CoreUIComponents.dll
0x00007fff49da0000 - 0x00007fff4a35e000 	C:\WINDOWS\SYSTEM32\d2d1.dll
0x00007fff55ce0000 - 0x00007fff55f5e000 	C:\WINDOWS\SYSTEM32\d3d11.dll
0x00007fff55f60000 - 0x00007fff56108000 	C:\WINDOWS\SYSTEM32\PROPSYS.dll
0x00007fff5b8d0000 - 0x00007fff5b994000 	C:\WINDOWS\System32\OLEAUT32.dll
0x00007fff55140000 - 0x00007fff55293000 	C:\WINDOWS\SYSTEM32\wintypes.dll
0x00007fff57320000 - 0x00007fff57348000 	C:\WINDOWS\SYSTEM32\RMCLIENT.dll
0x00007fff57a80000 - 0x00007fff57ab1000 	C:\WINDOWS\SYSTEM32\ntmarta.dll
0x00007fff57740000 - 0x00007fff57802000 	C:\WINDOWS\SYSTEM32\dxgi.dll
0x00007fff5c860000 - 0x00007fff5c9ca000 	C:\WINDOWS\System32\MSCTF.dll
0x00007fff575f0000 - 0x00007fff575fe000 	C:\WINDOWS\SYSTEM32\HID.DLL
0x00007fff5c340000 - 0x00007fff5c7b6000 	C:\WINDOWS\System32\SETUPAPI.DLL
0x00007fff59920000 - 0x00007fff59946000 	C:\WINDOWS\System32\bcrypt.dll
0x00007fff59390000 - 0x00007fff593e9000 	C:\WINDOWS\System32\WINTRUST.dll
0x00007fff40c90000 - 0x00007fff40e7d000 	C:\WINDOWS\SYSTEM32\dbghelp.dll

VM Arguments:
jvm_args: -Dfile.encoding=UTF-8 
java_command: GameProject.GameProject
java_class_path (initial): C:\Users\1styrGroupB\Documents\JavaProjects\lwjgl\lwjgl-assimp-natives-windows.jar;C:\Users\1styrGroupB\Documents\JavaProjects\lwjgl\lwjgl-assimp.jar;C:\Users\1styrGroupB\Documents\JavaProjects\lwjgl\lwjgl-bgfx-natives-windows.jar;C:\Users\1styrGroupB\Documents\JavaProjects\lwjgl\lwjgl-bgfx.jar;C:\Users\1styrGroupB\Documents\JavaProjects\lwjgl\lwjgl-cuda.jar;C:\Users\1styrGroupB\Documents\JavaProjects\lwjgl\lwjgl-egl.jar;C:\Users\1styrGroupB\Documents\JavaProjects\lwjgl\lwjgl-glfw-natives-windows.jar;C:\Users\1styrGroupB\Documents\JavaProjects\lwjgl\lwjgl-glfw.jar;C:\Users\1styrGroupB\Documents\JavaProjects\lwjgl\lwjgl-jawt.jar;C:\Users\1styrGroupB\Documents\JavaProjects\lwjgl\lwjgl-jemalloc-natives-windows.jar;C:\Users\1styrGroupB\Documents\JavaProjects\lwjgl\lwjgl-jemalloc.jar;C:\Users\1styrGroupB\Documents\JavaProjects\lwjgl\lwjgl-libdivide-natives-windows.jar;C:\Users\1styrGroupB\Documents\JavaProjects\lwjgl\lwjgl-libdivide.jar;C:\Users\1styrGroupB\Documents\JavaProjects\lwjgl\lwjgl-llvm-natives-windows.jar;C:\Users\1styrGroupB\Documents\JavaProjects\lwjgl\lwjgl-llvm.jar;C:\Users\1styrGroupB\Documents\JavaProjects\lwjgl\lwjgl-lmdb-natives-windows.jar;C:\Users\1styrGroupB\Documents\JavaProjects\lwjgl\lwjgl-lmdb.jar;C:\Users\1styrGroupB\Documents\JavaProjects\lwjgl\lwjgl-lz4-natives-windows.jar;C:\Users\1styrGroupB\Documents\JavaProjects\lwjgl\lwjgl-lz4.jar;C:\Users\1styrGroupB\Documents\JavaProjects\lwjgl\lwjgl-meow-natives-windows.jar;C:\Users\1styrGroupB\Documents\JavaProjects\lwjgl\lwjgl-meow.jar;C:\Users\1styrGroupB\Documents\JavaProjects\lwjgl\lwjgl-nanovg-natives-windows.jar;C:\Users\1styrGroupB\Documents\JavaProjects\lwjgl\lwjgl-nanovg.jar;C:\Users\1styrGroupB\Documents\JavaProjects\lwjgl\lwjgl-natives-windows.jar;C:\Users\1styrGroupB\Documents\JavaProjects\lwjgl\lwjgl-nfd-natives-windows.jar;C:\Users\1styrGroupB\Documents\JavaProjects\lwjgl\lwjgl-nfd.jar;C:\Users\1styrGroupB\Documents\JavaProjects\lwjgl\lwjgl-nuklear-natives-w
Launcher Type: SUN_STANDARD

Environment Variables:
PATH=C:\Program Files\Python37\Scripts\;C:\Program Files\Python37\;C:\Program Files (x86)\Common Files\Oracle\Java\javapath;C:\Windows\system32;C:\Windows;C:\Windows\System32\Wbem;C:\Windows\System32\WindowsPowerShell\v1.0\;C:\Program Files\Microsoft VS Code\bin;C:\Program Files (x86)\NVIDIA Corporation\PhysX\Common;C:\Program Files\PuTTY\;C:\Program Files\nodejs\;C:\Program Files\Microsoft SQL Server\Client SDK\ODBC\130\Tools\Binn\;C:\Program Files (x86)\Microsoft SQL Server\130\Tools\Binn\;C:\Program Files\Microsoft SQL Server\130\Tools\Binn\;C:\Program Files\Microsoft SQL Server\130\DTS\Binn\;C:\Program Files\Java\jdk1.8.0_181\bin;C:\WINDOWS\system32;C:\WINDOWS;C:\WINDOWS\System32\Wbem;C:\WINDOWS\System32\WindowsPowerShell\v1.0\;C:\WINDOWS\System32\OpenSSH\;C:\Program Files (x86)\Microsoft SQL Server\150\DTS\Binn\;C:\Program Files (x86)\IVI Foundation\VISA\WinNT\Bin;C:\Program Files\dotnet\;C:\Program Files\Git\cmd;C:\Program Files\heroku\bin;C:\Users\2ndyrgroupa\AppData\Roaming\npm\;C:\Program Files\Microsoft SQL Server\Client SDK\ODBC\170\Tools\Binn\;%C:\Users\Public\Documents\xampp\php;C:\Users\1styrGroupB\.dotnet\tools;C:\Users\1styrGroupB\AppData\Local\JetBrains\PyCharm Community Edition 2020.1.1\bin;;C:\Users\1styrGroupB\AppData\Local\Turbo C\bin;
USERNAME=1styrGroupB
OS=Windows_NT
PROCESSOR_IDENTIFIER=Intel64 Family 6 Model 60 Stepping 3, GenuineIntel



---------------  S Y S T E M  ---------------

OS: Windows 10.0 , 64 bit Build 17763 (10.0.17763.475)

CPU:total 4 (initial active 4) (4 cores per cpu, 1 threads per core) family 6 model 60 stepping 3, cmov, cx8, fxsr, mmx, sse, sse2, sse3, ssse3, sse4.1, sse4.2, popcnt, avx, avx2, aes, clmul, erms, lzcnt, tsc, tscinvbit, bmi1, bmi2

Memory: 4k page, physical 4062168k(467604k free), swap 7732184k(2226720k free)

vm_info: Java HotSpot(TM) 64-Bit Server VM (25.181-b13) for windows-amd64 JRE (1.8.0_181-b13), built on Jul  7 2018 04:01:33 by "java_re" with MS VC++ 10.0 (VS2010)

time: Mon Jun 01 13:31:25 2020
elapsed time: 0 seconds (0d 0h 0m 0s)

