#
# A fatal error has been detected by the Java Runtime Environment:
#
#  EXCEPTION_ACCESS_VIOLATION (0xc0000005) at pc=0x00007fff5ca358b8, pid=2412, tid=0x0000000000000694
#
# JRE version: Java(TM) SE Runtime Environment (8.0_181-b13) (build 1.8.0_181-b13)
# Java VM: Java HotSpot(TM) 64-Bit Server VM (25.181-b13 mixed mode windows-amd64 compressed oops)
# Problematic frame:
# C  [ntdll.dll+0x358b8]
#
# Failed to write core dump. Minidumps are not enabled by default on client versions of Windows
#
# If you would like to submit a bug report, please visit:
#   http://bugreport.java.com/bugreport/crash.jsp
# The crash happened outside the Java Virtual Machine in native code.
# See problematic frame for where to report the bug.
#

---------------  T H R E A D  ---------------

Current thread (0x0000000002da4000):  JavaThread "main" [_thread_in_native, id=1684, stack(0x0000000002c50000,0x0000000002d50000)]

siginfo: ExceptionCode=0xc0000005, reading address 0x0000000000000091

Registers:
RAX=0x0000000000000000, RBX=0x0000000002d4e840, RCX=0x0000000002d4e7e0, RDX=0x0000000000000091
RSP=0x0000000002d4e7b8, RBP=0x0000000000000000, RSI=0x00000000000000dc, RDI=0x0000000002d4e9b0
R8 =0x0000000000000000, R9 =0x0000000000000004, R10=0x0000000000000001, R11=0x0000000002d4e840
R12=0x00000000ffffffff, R13=0x0000000000000000, R14=0x0000000000000000, R15=0x0000000000000004
RIP=0x00007fff5ca358b8, EFLAGS=0x0000000000010256

Top of Stack: (sp=0x0000000002d4e7b8)
0x0000000002d4e7b8:   00007fff5b9a60f5 00000000eb607f78
0x0000000002d4e7c8:   cafebabecafebabe cafebabecafebabe
0x0000000002d4e7d8:   000000000000003a 0000000000000000
0x0000000002d4e7e8:   0000000000000091 0000000002da4000
0x0000000002d4e7f8:   0000000000040008 0000000014f78780
0x0000000002d4e808:   0000000000000000 0000000002d4e9b0
0x0000000002d4e818:   00007fff44789ba0 0000000000000001
0x0000000002d4e828:   00000000000000dc 0000000002d4e9b4
0x0000000002d4e838:   cafebabecafebabe 0000000000000000
0x0000000002d4e848:   0000000000000000 0000000000000000
0x0000000002d4e858:   0000000000000000 0000000000000000
0x0000000002d4e868:   0000000000000000 0000000000000000
0x0000000002d4e878:   0000000000000000 000000dc00000000
0x0000000002d4e888:   0000000000000000 0000000000000000
0x0000000002d4e898:   0000000000000000 0000000000000000
0x0000000002d4e8a8:   0000000000000000 0000000000000000 

Instructions: (pc=0x00007fff5ca358b8)
0x00007fff5ca35898:   cc cc cc cc cc cc cc cc 33 c0 45 33 c0 48 89 01
0x00007fff5ca358a8:   48 89 51 08 48 85 d2 74 2b 48 83 c8 ff 48 ff c0
0x00007fff5ca358b8:   66 44 39 04 42 75 f6 48 03 c0 ba fc ff 00 00 48
0x00007fff5ca358c8:   3d fe ff 00 00 48 0f 43 c2 66 89 01 66 83 c0 02 


Register to memory mapping:

RAX=0x0000000000000000 is an unknown value
RBX=0x0000000002d4e840 is pointing into the stack for thread: 0x0000000002da4000
RCX=0x0000000002d4e7e0 is pointing into the stack for thread: 0x0000000002da4000
RDX=0x0000000000000091 is an unknown value
RSP=0x0000000002d4e7b8 is pointing into the stack for thread: 0x0000000002da4000
RBP=0x0000000000000000 is an unknown value
RSI=0x00000000000000dc is an unknown value
RDI=0x0000000002d4e9b0 is pointing into the stack for thread: 0x0000000002da4000
R8 =0x0000000000000000 is an unknown value
R9 =0x0000000000000004 is an unknown value
R10=0x0000000000000001 is an unknown value
R11=0x0000000002d4e840 is pointing into the stack for thread: 0x0000000002da4000
R12=0x00000000ffffffff is an unallocated location in the heap
R13=0x0000000000000000 is an unknown value
R14=0x0000000000000000 is an unknown value
R15=0x0000000000000004 is an unknown value


Stack: [0x0000000002c50000,0x0000000002d50000],  sp=0x0000000002d4e7b8,  free space=1017k
Native frames: (J=compiled Java code, j=interpreted, Vv=VM code, C=native code)

Java frames: (J=compiled Java code, j=interpreted, Vv=VM code)
j  org.lwjgl.system.JNI.invokePPPP(IIJJJJ)J+0
j  org.lwjgl.glfw.GLFW.nglfwCreateWindow(IIJJJ)J+14
j  org.lwjgl.glfw.GLFW.glfwCreateWindow(IILjava/lang/CharSequence;JJ)J+37
j  GameProject.WindowTutorial.<init>()V+33
j  GameProject.GameProject.main([Ljava/lang/String;)V+4
v  ~StubRoutines::call_stub

---------------  P R O C E S S  ---------------

Java Threads: ( => current thread )
  0x0000000016cac000 JavaThread "Service Thread" daemon [_thread_blocked, id=732, stack(0x00000000171a0000,0x00000000172a0000)]
  0x0000000016ca8800 JavaThread "C1 CompilerThread2" daemon [_thread_blocked, id=1164, stack(0x00000000170a0000,0x00000000171a0000)]
  0x0000000015449000 JavaThread "C2 CompilerThread1" daemon [_thread_blocked, id=992, stack(0x0000000016ba0000,0x0000000016ca0000)]
  0x0000000015446000 JavaThread "C2 CompilerThread0" daemon [_thread_blocked, id=840, stack(0x0000000016aa0000,0x0000000016ba0000)]
  0x0000000015444800 JavaThread "Attach Listener" daemon [_thread_blocked, id=1044, stack(0x00000000169a0000,0x0000000016aa0000)]
  0x0000000015441800 JavaThread "Signal Dispatcher" daemon [_thread_blocked, id=1336, stack(0x00000000168a0000,0x00000000169a0000)]
  0x0000000015430000 JavaThread "Finalizer" daemon [_thread_blocked, id=1956, stack(0x00000000166a0000,0x00000000167a0000)]
  0x0000000002e96000 JavaThread "Reference Handler" daemon [_thread_blocked, id=5972, stack(0x00000000165a0000,0x00000000166a0000)]
=>0x0000000002da4000 JavaThread "main" [_thread_in_native, id=1684, stack(0x0000000002c50000,0x0000000002d50000)]

Other Threads:
  0x0000000015407000 VMThread [stack: 0x00000000164a0000,0x00000000165a0000] [id=3952]
  0x0000000016cdc800 WatcherThread [stack: 0x00000000172a0000,0x00000000173a0000] [id=808]

VM state:not at safepoint (normal execution)

VM Mutex/Monitor currently owned by a thread: None

Heap:
 PSYoungGen      total 18432K, used 9183K [0x00000000eb580000, 0x00000000eca00000, 0x0000000100000000)
  eden space 15872K, 57% used [0x00000000eb580000,0x00000000ebe77c00,0x00000000ec500000)
  from space 2560K, 0% used [0x00000000ec780000,0x00000000ec780000,0x00000000eca00000)
  to   space 2560K, 0% used [0x00000000ec500000,0x00000000ec500000,0x00000000ec780000)
 ParOldGen       total 42496K, used 0K [0x00000000c2000000, 0x00000000c4980000, 0x00000000eb580000)
  object space 42496K, 0% used [0x00000000c2000000,0x00000000c2000000,0x00000000c4980000)
 Metaspace       used 5663K, capacity 5882K, committed 6144K, reserved 1056768K
  class space    used 599K, capacity 675K, committed 768K, reserved 1048576K

Card table byte_map: [0x0000000012260000,0x0000000012460000] byte_map_base: 0x0000000011c50000

Marking Bits: (ParMarkBitMap*) 0x00000000632c2d00
 Begin Bits: [0x00000000129b0000, 0x0000000013930000)
 End Bits:   [0x0000000013930000, 0x00000000148b0000)

Polling page: 0x0000000001370000

CodeCache: size=245760Kb used=2558Kb max_used=2558Kb free=243201Kb
 bounds [0x0000000002ea0000, 0x0000000003130000, 0x0000000011ea0000]
 total_blobs=1279 nmethods=503 adapters=689
 compilation: enabled

Compilation events (10 events):
Event: 0.362 Thread 0x0000000016ca8800  497       3       java.lang.invoke.MemberName::init (66 bytes)
Event: 0.363 Thread 0x0000000016ca8800 nmethod 497 0x00000000030df690 code [0x00000000030df7e0, 0x00000000030df990]
Event: 0.363 Thread 0x0000000016ca8800  498   !   3       java.lang.ref.Finalizer::add (41 bytes)
Event: 0.363 Thread 0x0000000016ca8800 nmethod 498 0x00000000030df050 code [0x00000000030df1c0, 0x00000000030df570]
Event: 0.365 Thread 0x0000000016ca8800  499       3       sun.misc.URLClassPath$JarLoader::findResource (18 bytes)
Event: 0.366 Thread 0x0000000016ca8800 nmethod 499 0x00000000030deb50 code [0x00000000030decc0, 0x00000000030def58]
Event: 0.367 Thread 0x0000000016ca8800  502       3       org.lwjgl.system.MemoryUtil::encodeASCII (66 bytes)
Event: 0.367 Thread 0x0000000016ca8800 nmethod 502 0x00000000030e14d0 code [0x00000000030e1660, 0x00000000030e1a58]
Event: 0.367 Thread 0x0000000016ca8800  503       3       java.nio.DirectByteBuffer::ix (10 bytes)
Event: 0.367 Thread 0x0000000016ca8800 nmethod 503 0x00000000030de4d0 code [0x00000000030de620, 0x00000000030de770]

GC Heap History (0 events):
No events

Deoptimization events (1 events):
Event: 0.131 Thread 0x0000000002da4000 Uncommon trap: reason=unstable_if action=reinterpret pc=0x0000000002fc0a78 method=java.lang.String.hashCode()I @ 14

Classes redefined (0 events):
No events

Internal exceptions (10 events):
Event: 0.260 Thread 0x0000000002da4000 Exception <a 'java/lang/NoSuchFieldError': method resolution failed> (0x00000000eba8d0e8) thrown at [C:\re\workspace\8-2-build-windows-amd64-cygwin\jdk8u181\11358\hotspot\src\share\vm\prims\methodHandles.cpp, line 1167]
Event: 0.264 Thread 0x0000000002da4000 Exception <a 'java/lang/NoSuchFieldError': method resolution failed> (0x00000000eba9a5d0) thrown at [C:\re\workspace\8-2-build-windows-amd64-cygwin\jdk8u181\11358\hotspot\src\share\vm\prims\methodHandles.cpp, line 1167]
Event: 0.312 Thread 0x0000000002da4000 Exception <a 'java/security/PrivilegedActionException'> (0x00000000ebc50af0) thrown at [C:\re\workspace\8-2-build-windows-amd64-cygwin\jdk8u181\11358\hotspot\src\share\vm\prims\jvm.cpp, line 1435]
Event: 0.312 Thread 0x0000000002da4000 Exception <a 'java/security/PrivilegedActionException'> (0x00000000ebc50d00) thrown at [C:\re\workspace\8-2-build-windows-amd64-cygwin\jdk8u181\11358\hotspot\src\share\vm\prims\jvm.cpp, line 1435]
Event: 0.313 Thread 0x0000000002da4000 Exception <a 'java/security/PrivilegedActionException'> (0x00000000ebc54c10) thrown at [C:\re\workspace\8-2-build-windows-amd64-cygwin\jdk8u181\11358\hotspot\src\share\vm\prims\jvm.cpp, line 1435]
Event: 0.313 Thread 0x0000000002da4000 Exception <a 'java/security/PrivilegedActionException'> (0x00000000ebc54e20) thrown at [C:\re\workspace\8-2-build-windows-amd64-cygwin\jdk8u181\11358\hotspot\src\share\vm\prims\jvm.cpp, line 1435]
Event: 0.342 Thread 0x0000000002da4000 Exception <a 'sun/nio/fs/WindowsException'> (0x00000000ebd0af70) thrown at [C:\re\workspace\8-2-build-windows-amd64-cygwin\jdk8u181\11358\hotspot\src\share\vm\prims\jni.cpp, line 709]
Event: 0.343 Thread 0x0000000002da4000 Exception <a 'sun/nio/fs/WindowsException'> (0x00000000ebd0b870) thrown at [C:\re\workspace\8-2-build-windows-amd64-cygwin\jdk8u181\11358\hotspot\src\share\vm\prims\jni.cpp, line 709]
Event: 0.349 Thread 0x0000000002da4000 Exception <a 'sun/nio/fs/WindowsException'> (0x00000000ebd1f2f8) thrown at [C:\re\workspace\8-2-build-windows-amd64-cygwin\jdk8u181\11358\hotspot\src\share\vm\prims\jni.cpp, line 709]
Event: 0.349 Thread 0x0000000002da4000 Exception <a 'sun/nio/fs/WindowsException'> (0x00000000ebd1fa30) thrown at [C:\re\workspace\8-2-build-windows-amd64-cygwin\jdk8u181\11358\hotspot\src\share\vm\prims\jni.cpp, line 709]

Events (10 events):
Event: 0.363 loading class org/lwjgl/BufferUtils
Event: 0.363 loading class org/lwjgl/BufferUtils done
Event: 0.364 loading class org/lwjgl/system/windows/WinBase
Event: 0.364 loading class org/lwjgl/system/windows/WinBase done
Event: 0.366 loading class org/lwjgl/glfw/GLFW$Functions
Event: 0.366 loading class org/lwjgl/glfw/GLFW$Functions done
Event: 0.367 loading class org/lwjgl/system/JNI
Event: 0.367 loading class org/lwjgl/system/JNI done
Event: 0.408 loading class org/lwjgl/glfw/EventLoop$OffScreen
Event: 0.408 loading class org/lwjgl/glfw/EventLoop$OffScreen done


Dynamic libraries:
0x00007ff77a0c0000 - 0x00007ff77a0f7000 	C:\Program Files\Java\jdk1.8.0_181\bin\java.exe
0x00007fff5ca00000 - 0x00007fff5cbed000 	C:\WINDOWS\SYSTEM32\ntdll.dll
0x00007fff5bf10000 - 0x00007fff5bfc3000 	C:\WINDOWS\System32\KERNEL32.DLL
0x00007fff59970000 - 0x00007fff59c03000 	C:\WINDOWS\System32\KERNELBASE.dll
0x00007fff5bfd0000 - 0x00007fff5c073000 	C:\WINDOWS\System32\ADVAPI32.dll
0x00007fff5b830000 - 0x00007fff5b8ce000 	C:\WINDOWS\System32\msvcrt.dll
0x00007fff5c7c0000 - 0x00007fff5c85e000 	C:\WINDOWS\System32\sechost.dll
0x00007fff5c130000 - 0x00007fff5c252000 	C:\WINDOWS\System32\RPCRT4.dll
0x00007fff5b9a0000 - 0x00007fff5bb37000 	C:\WINDOWS\System32\USER32.dll
0x00007fff59950000 - 0x00007fff59970000 	C:\WINDOWS\System32\win32u.dll
0x00007fff5bb40000 - 0x00007fff5bb69000 	C:\WINDOWS\System32\GDI32.dll
0x00007fff595d0000 - 0x00007fff5976a000 	C:\WINDOWS\System32\gdi32full.dll
0x00007fff592a0000 - 0x00007fff59340000 	C:\WINDOWS\System32\msvcp_win.dll
0x00007fff59770000 - 0x00007fff5986a000 	C:\WINDOWS\System32\ucrtbase.dll
0x00007fff49160000 - 0x00007fff493d9000 	C:\WINDOWS\WinSxS\amd64_microsoft.windows.common-controls_6595b64144ccf1df_6.0.17763.475_none_05b43ca607202c6c\COMCTL32.dll
0x00007fff5bbe0000 - 0x00007fff5bf0c000 	C:\WINDOWS\System32\combase.dll
0x00007fff58ad0000 - 0x00007fff58b4e000 	C:\WINDOWS\System32\bcryptPrimitives.dll
0x00007fff5c080000 - 0x00007fff5c0ae000 	C:\WINDOWS\System32\IMM32.DLL
0x00000000629c0000 - 0x0000000062a92000 	C:\Program Files\Java\jdk1.8.0_181\jre\bin\msvcr100.dll
0x0000000062aa0000 - 0x0000000063342000 	C:\Program Files\Java\jdk1.8.0_181\jre\bin\server\jvm.dll
0x00007fff5c2d0000 - 0x00007fff5c2d8000 	C:\WINDOWS\System32\PSAPI.DLL
0x00007fff50d70000 - 0x00007fff50d94000 	C:\WINDOWS\SYSTEM32\WINMM.dll
0x00007fff54c70000 - 0x00007fff54c7a000 	C:\WINDOWS\SYSTEM32\VERSION.dll
0x00007fff550d0000 - 0x00007fff550d9000 	C:\WINDOWS\SYSTEM32\WSOCK32.dll
0x00007fff5c260000 - 0x00007fff5c2cd000 	C:\WINDOWS\System32\WS2_32.dll
0x00007fff50d40000 - 0x00007fff50d6d000 	C:\WINDOWS\SYSTEM32\winmmbase.dll
0x00007fff59340000 - 0x00007fff5938a000 	C:\WINDOWS\System32\cfgmgr32.dll
0x0000000062970000 - 0x000000006297f000 	C:\Program Files\Java\jdk1.8.0_181\jre\bin\verify.dll
0x0000000062940000 - 0x0000000062969000 	C:\Program Files\Java\jdk1.8.0_181\jre\bin\java.dll
0x0000000062920000 - 0x0000000062936000 	C:\Program Files\Java\jdk1.8.0_181\jre\bin\zip.dll
0x00007fff59ec0000 - 0x00007fff5b3b0000 	C:\WINDOWS\System32\SHELL32.dll
0x00007fff5b5a0000 - 0x00007fff5b648000 	C:\WINDOWS\System32\shcore.dll
0x00007fff58b50000 - 0x00007fff5929a000 	C:\WINDOWS\System32\windows.storage.dll
0x00007fff58a80000 - 0x00007fff58aa4000 	C:\WINDOWS\System32\profapi.dll
0x00007fff58a20000 - 0x00007fff58a7d000 	C:\WINDOWS\System32\powrprof.dll
0x00007fff5c0b0000 - 0x00007fff5c102000 	C:\WINDOWS\System32\shlwapi.dll
0x00007fff58ab0000 - 0x00007fff58ac1000 	C:\WINDOWS\System32\kernel.appcore.dll
0x00007fff59c10000 - 0x00007fff59c27000 	C:\WINDOWS\System32\cryptsp.dll
0x0000000062900000 - 0x000000006291a000 	C:\Program Files\Java\jdk1.8.0_181\jre\bin\net.dll
0x00007fff58230000 - 0x00007fff58297000 	C:\WINDOWS\system32\mswsock.dll
0x00000000628e0000 - 0x00000000628f1000 	C:\Program Files\Java\jdk1.8.0_181\jre\bin\nio.dll
0x00007fff55060000 - 0x00007fff550c4000 	C:\Users\1styrGroupB\AppData\Local\Temp\lwjgl1styrGroupB\3.2.3-build-13\lwjgl.dll
0x00007fff44780000 - 0x00007fff447e2000 	C:\Users\1STYRG~2\AppData\Local\Temp\lwjgl1styrGroupB\3.2.3-build-13\glfw.dll
0x00007fff56f20000 - 0x00007fff56fbc000 	C:\WINDOWS\system32\uxtheme.dll
0x00007fff38670000 - 0x00007fff386b4000 	C:\WINDOWS\SYSTEM32\dinput8.dll
0x00007fff55100000 - 0x00007fff55111000 	C:\WINDOWS\SYSTEM32\xinput1_4.dll
0x00007fff58810000 - 0x00007fff58839000 	C:\WINDOWS\SYSTEM32\DEVOBJ.dll
0x00007fff57010000 - 0x00007fff5703e000 	C:\WINDOWS\SYSTEM32\dwmapi.dll
0x00007fff593f0000 - 0x00007fff595cb000 	C:\WINDOWS\System32\CRYPT32.dll
0x00007fff58a00000 - 0x00007fff58a12000 	C:\WINDOWS\System32\MSASN1.dll
0x00007fff4bb00000 - 0x00007fff4bbcc000 	C:\WINDOWS\SYSTEM32\inputhost.dll
0x00007fff4a700000 - 0x00007fff4a7e2000 	C:\WINDOWS\SYSTEM32\CoreMessaging.dll
0x00007fff570f0000 - 0x00007fff572fd000 	C:\WINDOWS\SYSTEM32\twinapi.appcore.dll
0x00007fff4aba0000 - 0x00007fff4aec2000 	C:\WINDOWS\SYSTEM32\CoreUIComponents.dll
0x00007fff49da0000 - 0x00007fff4a35e000 	C:\WINDOWS\SYSTEM32\d2d1.dll
0x00007fff55ce0000 - 0x00007fff55f5e000 	C:\WINDOWS\SYSTEM32\d3d11.dll
0x00007fff55f60000 - 0x00007fff56108000 	C:\WINDOWS\SYSTEM32\PROPSYS.dll
0x00007fff5b8d0000 - 0x00007fff5b994000 	C:\WINDOWS\System32\OLEAUT32.dll
0x00007fff55140000 - 0x00007fff55293000 	C:\WINDOWS\SYSTEM32\wintypes.dll
0x00007fff57a80000 - 0x00007fff57ab1000 	C:\WINDOWS\SYSTEM32\ntmarta.dll
0x00007fff57320000 - 0x00007fff57348000 	C:\WINDOWS\SYSTEM32\RMCLIENT.dll
0x00007fff57740000 - 0x00007fff57802000 	C:\WINDOWS\SYSTEM32\dxgi.dll
0x00007fff5c860000 - 0x00007fff5c9ca000 	C:\WINDOWS\System32\MSCTF.dll
0x00007fff575f0000 - 0x00007fff575fe000 	C:\WINDOWS\SYSTEM32\HID.DLL
0x00007fff5c340000 - 0x00007fff5c7b6000 	C:\WINDOWS\System32\SETUPAPI.DLL
0x00007fff59920000 - 0x00007fff59946000 	C:\WINDOWS\System32\bcrypt.dll
0x00007fff59390000 - 0x00007fff593e9000 	C:\WINDOWS\System32\WINTRUST.dll
0x00007fff40c90000 - 0x00007fff40e7d000 	C:\WINDOWS\SYSTEM32\dbghelp.dll

VM Arguments:
jvm_args: -Dfile.encoding=UTF-8 
java_command: GameProject.GameProject
java_class_path (initial): C:\Users\1styrGroupB\Documents\JavaProjects\lwjgl\lwjgl-assimp-natives-windows.jar;C:\Users\1styrGroupB\Documents\JavaProjects\lwjgl\lwjgl-assimp.jar;C:\Users\1styrGroupB\Documents\JavaProjects\lwjgl\lwjgl-bgfx-natives-windows.jar;C:\Users\1styrGroupB\Documents\JavaProjects\lwjgl\lwjgl-bgfx.jar;C:\Users\1styrGroupB\Documents\JavaProjects\lwjgl\lwjgl-cuda.jar;C:\Users\1styrGroupB\Documents\JavaProjects\lwjgl\lwjgl-egl.jar;C:\Users\1styrGroupB\Documents\JavaProjects\lwjgl\lwjgl-glfw-natives-windows.jar;C:\Users\1styrGroupB\Documents\JavaProjects\lwjgl\lwjgl-glfw.jar;C:\Users\1styrGroupB\Documents\JavaProjects\lwjgl\lwjgl-jawt.jar;C:\Users\1styrGroupB\Documents\JavaProjects\lwjgl\lwjgl-jemalloc-natives-windows.jar;C:\Users\1styrGroupB\Documents\JavaProjects\lwjgl\lwjgl-jemalloc.jar;C:\Users\1styrGroupB\Documents\JavaProjects\lwjgl\lwjgl-libdivide-natives-windows.jar;C:\Users\1styrGroupB\Documents\JavaProjects\lwjgl\lwjgl-libdivide.jar;C:\Users\1styrGroupB\Documents\JavaProjects\lwjgl\lwjgl-llvm-natives-windows.jar;C:\Users\1styrGroupB\Documents\JavaProjects\lwjgl\lwjgl-llvm.jar;C:\Users\1styrGroupB\Documents\JavaProjects\lwjgl\lwjgl-lmdb-natives-windows.jar;C:\Users\1styrGroupB\Documents\JavaProjects\lwjgl\lwjgl-lmdb.jar;C:\Users\1styrGroupB\Documents\JavaProjects\lwjgl\lwjgl-lz4-natives-windows.jar;C:\Users\1styrGroupB\Documents\JavaProjects\lwjgl\lwjgl-lz4.jar;C:\Users\1styrGroupB\Documents\JavaProjects\lwjgl\lwjgl-meow-natives-windows.jar;C:\Users\1styrGroupB\Documents\JavaProjects\lwjgl\lwjgl-meow.jar;C:\Users\1styrGroupB\Documents\JavaProjects\lwjgl\lwjgl-nanovg-natives-windows.jar;C:\Users\1styrGroupB\Documents\JavaProjects\lwjgl\lwjgl-nanovg.jar;C:\Users\1styrGroupB\Documents\JavaProjects\lwjgl\lwjgl-natives-windows.jar;C:\Users\1styrGroupB\Documents\JavaProjects\lwjgl\lwjgl-nfd-natives-windows.jar;C:\Users\1styrGroupB\Documents\JavaProjects\lwjgl\lwjgl-nfd.jar;C:\Users\1styrGroupB\Documents\JavaProjects\lwjgl\lwjgl-nuklear-natives-w
Launcher Type: SUN_STANDARD

Environment Variables:
PATH=C:\Program Files\Python37\Scripts\;C:\Program Files\Python37\;C:\Program Files (x86)\Common Files\Oracle\Java\javapath;C:\Windows\system32;C:\Windows;C:\Windows\System32\Wbem;C:\Windows\System32\WindowsPowerShell\v1.0\;C:\Program Files\Microsoft VS Code\bin;C:\Program Files (x86)\NVIDIA Corporation\PhysX\Common;C:\Program Files\PuTTY\;C:\Program Files\nodejs\;C:\Program Files\Microsoft SQL Server\Client SDK\ODBC\130\Tools\Binn\;C:\Program Files (x86)\Microsoft SQL Server\130\Tools\Binn\;C:\Program Files\Microsoft SQL Server\130\Tools\Binn\;C:\Program Files\Microsoft SQL Server\130\DTS\Binn\;C:\Program Files\Java\jdk1.8.0_181\bin;C:\WINDOWS\system32;C:\WINDOWS;C:\WINDOWS\System32\Wbem;C:\WINDOWS\System32\WindowsPowerShell\v1.0\;C:\WINDOWS\System32\OpenSSH\;C:\Program Files (x86)\Microsoft SQL Server\150\DTS\Binn\;C:\Program Files (x86)\IVI Foundation\VISA\WinNT\Bin;C:\Program Files\dotnet\;C:\Program Files\Git\cmd;C:\Program Files\heroku\bin;C:\Users\2ndyrgroupa\AppData\Roaming\npm\;C:\Program Files\Microsoft SQL Server\Client SDK\ODBC\170\Tools\Binn\;%C:\Users\Public\Documents\xampp\php;C:\Users\1styrGroupB\.dotnet\tools;C:\Users\1styrGroupB\AppData\Local\JetBrains\PyCharm Community Edition 2020.1.1\bin;;C:\Users\1styrGroupB\AppData\Local\Turbo C\bin;
USERNAME=1styrGroupB
OS=Windows_NT
PROCESSOR_IDENTIFIER=Intel64 Family 6 Model 60 Stepping 3, GenuineIntel



---------------  S Y S T E M  ---------------

OS: Windows 10.0 , 64 bit Build 17763 (10.0.17763.475)

CPU:total 4 (initial active 4) (4 cores per cpu, 1 threads per core) family 6 model 60 stepping 3, cmov, cx8, fxsr, mmx, sse, sse2, sse3, ssse3, sse4.1, sse4.2, popcnt, avx, avx2, aes, clmul, erms, lzcnt, tsc, tscinvbit, bmi1, bmi2

Memory: 4k page, physical 4062168k(463512k free), swap 7732184k(2215024k free)

vm_info: Java HotSpot(TM) 64-Bit Server VM (25.181-b13) for windows-amd64 JRE (1.8.0_181-b13), built on Jul  7 2018 04:01:33 by "java_re" with MS VC++ 10.0 (VS2010)

time: Mon Jun 01 13:30:34 2020
elapsed time: 0 seconds (0d 0h 0m 0s)

