#
# A fatal error has been detected by the Java Runtime Environment:
#
#  EXCEPTION_ACCESS_VIOLATION (0xc0000005) at pc=0x00007fff28e76490, pid=10372, tid=0x0000000000005814
#
# JRE version: Java(TM) SE Runtime Environment (8.0_181-b13) (build 1.8.0_181-b13)
# Java VM: Java HotSpot(TM) 64-Bit Server VM (25.181-b13 mixed mode windows-amd64 compressed oops)
# Problematic frame:
# C  [glfw.dll+0x6490]
#
# Failed to write core dump. Minidumps are not enabled by default on client versions of Windows
#
# If you would like to submit a bug report, please visit:
#   http://bugreport.java.com/bugreport/crash.jsp
# The crash happened outside the Java Virtual Machine in native code.
# See problematic frame for where to report the bug.
#

---------------  T H R E A D  ---------------

Current thread (0x0000000002f64000):  JavaThread "main" [_thread_in_native, id=22548, stack(0x0000000002e40000,0x0000000002f40000)]

siginfo: ExceptionCode=0xc0000005, reading address 0x0000000000000000

Registers:
RAX=0x0000000000000000, RBX=0x00000000012b1660, RCX=0x0000000000000000, RDX=0x00007fff28ec7ee0
RSP=0x0000000002f3f650, RBP=0x0000000002f3f6e0, RSI=0x00000000000013ae, RDI=0x000000000000429c
R8 =0x00000000012b1660, R9 =0x00007fff28e763e0, R10=0x00007fff32a81b10, R11=0x0000000003342518
R12=0x0000000000000000, R13=0x0000000002f3f700, R14=0x0000000002f3f6d0, R15=0x0000000002f64000
RIP=0x00007fff28e76490, EFLAGS=0x0000000000010287

Top of Stack: (sp=0x0000000002f3f650)
0x0000000002f3f650:   00000000012b1660 000000000000429c
0x0000000002f3f660:   00000000000013ae 000000001509db48
0x0000000002f3f670:   000000001516ac60 00000000033425ca
0x0000000002f3f680:   00000000150a1268 00007fff28eb5cb8
0x0000000002f3f690:   0000000000002000 0000000000002000
0x0000000002f3f6a0:   fffe00003e800000 000000000334294f
0x0000000002f3f6b0:   0000d91e93572558 00000000150999d8
0x0000000002f3f6c0:   00000000152006b8 0000000003340a43
0x0000000002f3f6d0:   00000000ec5aeba0 0000000003340334
0x0000000002f3f6e0:   0000000002f3f760 000000000307835d
0x0000000002f3f6f0:   0000000000000000 000000000307835d
0x0000000002f3f700:   00007fff28e763e0 00000000ec5aeba0
0x0000000002f3f710:   00000000012b1660 000000000309437f
0x0000000002f3f720:   0000000002f3f720 00000000150999de
0x0000000002f3f730:   0000000002f3f788 00000000150ac458
0x0000000002f3f740:   0000000000000000 0000000015099a10 

Instructions: (pc=0x00007fff28e76490)
0x00007fff28e76470:   48 8b 0d 69 1a 05 00 48 8d 15 62 1a 05 00 48 3b
0x00007fff28e76480:   cb 74 1b 0f 1f 40 00 66 0f 1f 84 00 00 00 00 00
0x00007fff28e76490:   48 8b 01 48 8b d1 48 8b c8 48 3b c3 75 f2 48 8b
0x00007fff28e764a0:   03 48 8b cb 48 89 02 48 83 c4 20 5b e9 97 27 01 


Register to memory mapping:

RAX=0x0000000000000000 is an unknown value
RBX=0x00000000012b1660 is an unknown value
RCX=0x0000000000000000 is an unknown value
RDX=0x00007fff28ec7ee0 is an unknown value
RSP=0x0000000002f3f650 is pointing into the stack for thread: 0x0000000002f64000
RBP=0x0000000002f3f6e0 is pointing into the stack for thread: 0x0000000002f64000
RSI=0x00000000000013ae is an unknown value
RDI=0x000000000000429c is an unknown value
R8 =0x00000000012b1660 is an unknown value
R9 =0x00007fff28e763e0 is an unknown value
R10=0x00007fff32a81b10 is an unknown value
R11=0x0000000003342518 is at entry_point+24 in (nmethod*)0x0000000003342390
R12=0x0000000000000000 is an unknown value
R13=0x0000000002f3f700 is pointing into the stack for thread: 0x0000000002f64000
R14=0x0000000002f3f6d0 is pointing into the stack for thread: 0x0000000002f64000
R15=0x0000000002f64000 is a thread


Stack: [0x0000000002e40000,0x0000000002f40000],  sp=0x0000000002f3f650,  free space=1021k
Native frames: (J=compiled Java code, j=interpreted, Vv=VM code, C=native code)
C  [glfw.dll+0x6490]
C  0x00000000033425ca

Java frames: (J=compiled Java code, j=interpreted, Vv=VM code)
J 655  org.lwjgl.system.JNI.invokePV(JJ)V (0 bytes) @ 0x0000000003342544 [0x0000000003342500+0x44]
j  org.lwjgl.glfw.GLFW.glfwDestroyWindow(J)V+6
j  GameProject.WindowTutorial.<init>()V+82
j  GameProject.GameProject.main([Ljava/lang/String;)V+4
v  ~StubRoutines::call_stub

---------------  P R O C E S S  ---------------

Java Threads: ( => current thread )
  0x000000001568e800 JavaThread "Service Thread" daemon [_thread_blocked, id=24800, stack(0x0000000017390000,0x0000000017490000)]
  0x000000001563e000 JavaThread "C1 CompilerThread2" daemon [_thread_blocked, id=24568, stack(0x0000000016e90000,0x0000000016f90000)]
  0x0000000015637800 JavaThread "C2 CompilerThread1" daemon [_thread_blocked, id=24504, stack(0x0000000016d90000,0x0000000016e90000)]
  0x0000000015634000 JavaThread "C2 CompilerThread0" daemon [_thread_blocked, id=24448, stack(0x0000000016c90000,0x0000000016d90000)]
  0x0000000015633000 JavaThread "Attach Listener" daemon [_thread_blocked, id=24360, stack(0x0000000016b90000,0x0000000016c90000)]
  0x000000001562e000 JavaThread "Signal Dispatcher" daemon [_thread_blocked, id=24268, stack(0x0000000016a90000,0x0000000016b90000)]
  0x000000000305d800 JavaThread "Finalizer" daemon [_thread_blocked, id=24044, stack(0x0000000016880000,0x0000000016980000)]
  0x00000000155f9000 JavaThread "Reference Handler" daemon [_thread_blocked, id=24000, stack(0x0000000016780000,0x0000000016880000)]
=>0x0000000002f64000 JavaThread "main" [_thread_in_native, id=22548, stack(0x0000000002e40000,0x0000000002f40000)]

Other Threads:
  0x00000000155f7800 VMThread [stack: 0x0000000016680000,0x0000000016780000] [id=23964]
  0x0000000016fd5000 WatcherThread [stack: 0x0000000017490000,0x0000000017590000] [id=24852]

VM state:not at safepoint (normal execution)

VM Mutex/Monitor currently owned by a thread: None

Heap:
 PSYoungGen      total 18432K, used 4208K [0x00000000eb580000, 0x00000000eca00000, 0x0000000100000000)
  eden space 15872K, 10% used [0x00000000eb580000,0x00000000eb71fe10,0x00000000ec500000)
  from space 2560K, 99% used [0x00000000ec500000,0x00000000ec77c3d8,0x00000000ec780000)
  to   space 2560K, 0% used [0x00000000ec780000,0x00000000ec780000,0x00000000eca00000)
 ParOldGen       total 42496K, used 480K [0x00000000c2000000, 0x00000000c4980000, 0x00000000eb580000)
  object space 42496K, 1% used [0x00000000c2000000,0x00000000c2078228,0x00000000c4980000)
 Metaspace       used 8052K, capacity 8239K, committed 8448K, reserved 1056768K
  class space    used 669K, capacity 742K, committed 768K, reserved 1048576K

Card table byte_map: [0x0000000012430000,0x0000000012630000] byte_map_base: 0x0000000011e20000

Marking Bits: (ParMarkBitMap*) 0x0000000063362d00
 Begin Bits: [0x0000000012b80000, 0x0000000013b00000)
 End Bits:   [0x0000000013b00000, 0x0000000014a80000)

Polling page: 0x0000000002f40000

CodeCache: size=245760Kb used=2987Kb max_used=3037Kb free=242772Kb
 bounds [0x0000000003070000, 0x0000000003370000, 0x0000000012070000]
 total_blobs=1530 nmethods=667 adapters=776
 compilation: enabled

Compilation events (10 events):
Event: 1.293 Thread 0x000000001563e000 nmethod 657 0x0000000003341a50 code [0x0000000003341be0, 0x0000000003341f18]
Event: 1.300 Thread 0x000000001563e000  659       3       org.lwjgl.glfw.GLFW::glfwPollEvents (12 bytes)
Event: 1.300 Thread 0x000000001563e000 nmethod 659 0x0000000003341290 code [0x0000000003341400, 0x00000000033415c8]
Event: 1.308 Thread 0x000000001563e000  661       3       org.lwjgl.opengl.GL11::glClear (5 bytes)
Event: 1.308 Thread 0x000000001563e000 nmethod 661 0x0000000003340b90 code [0x0000000003340d00, 0x0000000003340e68]
Event: 1.395 Thread 0x000000001563e000  666       3       org.lwjgl.glfw.GLFW::glfwSwapBuffers (21 bytes)
Event: 1.396 Thread 0x000000001563e000 nmethod 666 0x00000000033451d0 code [0x0000000003345360, 0x0000000003345638]
Event: 2.186 Thread 0x0000000015637800 nmethod 593 0x0000000003352110 code [0x00000000033528c0, 0x000000000335c338]
Event: 9.930 Thread 0x0000000015634000  667       4       org.lwjgl.glfw.GLFW::glfwGetKey (22 bytes)
Event: 9.931 Thread 0x0000000015634000 nmethod 667 0x000000000333fa90 code [0x000000000333fbe0, 0x000000000333fc88]

GC Heap History (2 events):
Event: 0.696 GC heap before
{Heap before GC invocations=1 (full 0):
 PSYoungGen      total 18432K, used 15872K [0x00000000eb580000, 0x00000000eca00000, 0x0000000100000000)
  eden space 15872K, 100% used [0x00000000eb580000,0x00000000ec500000,0x00000000ec500000)
  from space 2560K, 0% used [0x00000000ec780000,0x00000000ec780000,0x00000000eca00000)
  to   space 2560K, 0% used [0x00000000ec500000,0x00000000ec500000,0x00000000ec780000)
 ParOldGen       total 42496K, used 0K [0x00000000c2000000, 0x00000000c4980000, 0x00000000eb580000)
  object space 42496K, 0% used [0x00000000c2000000,0x00000000c2000000,0x00000000c4980000)
 Metaspace       used 7544K, capacity 7791K, committed 7936K, reserved 1056768K
  class space    used 655K, capacity 742K, committed 768K, reserved 1048576K
Event: 0.702 GC heap after
Heap after GC invocations=1 (full 0):
 PSYoungGen      total 18432K, used 2544K [0x00000000eb580000, 0x00000000eca00000, 0x0000000100000000)
  eden space 15872K, 0% used [0x00000000eb580000,0x00000000eb580000,0x00000000ec500000)
  from space 2560K, 99% used [0x00000000ec500000,0x00000000ec77c3d8,0x00000000ec780000)
  to   space 2560K, 0% used [0x00000000ec780000,0x00000000ec780000,0x00000000eca00000)
 ParOldGen       total 42496K, used 480K [0x00000000c2000000, 0x00000000c4980000, 0x00000000eb580000)
  object space 42496K, 1% used [0x00000000c2000000,0x00000000c2078228,0x00000000c4980000)
 Metaspace       used 7544K, capacity 7791K, committed 7936K, reserved 1056768K
  class space    used 655K, capacity 742K, committed 768K, reserved 1048576K
}

Deoptimization events (1 events):
Event: 0.126 Thread 0x0000000002f64000 Uncommon trap: reason=unstable_if action=reinterpret pc=0x00000000031954f8 method=java.lang.String.hashCode()I @ 14

Classes redefined (0 events):
No events

Internal exceptions (10 events):
Event: 0.366 Thread 0x0000000002f64000 Exception <a 'sun/nio/fs/WindowsException'> (0x00000000ebd0b748) thrown at [C:\re\workspace\8-2-build-windows-amd64-cygwin\jdk8u181\11358\hotspot\src\share\vm\prims\jni.cpp, line 709]
Event: 0.366 Thread 0x0000000002f64000 Exception <a 'sun/nio/fs/WindowsException'> (0x00000000ebd0c048) thrown at [C:\re\workspace\8-2-build-windows-amd64-cygwin\jdk8u181\11358\hotspot\src\share\vm\prims\jni.cpp, line 709]
Event: 0.372 Thread 0x0000000002f64000 Exception <a 'sun/nio/fs/WindowsException'> (0x00000000ebd1f598) thrown at [C:\re\workspace\8-2-build-windows-amd64-cygwin\jdk8u181\11358\hotspot\src\share\vm\prims\jni.cpp, line 709]
Event: 0.373 Thread 0x0000000002f64000 Exception <a 'sun/nio/fs/WindowsException'> (0x00000000ebd1fcd0) thrown at [C:\re\workspace\8-2-build-windows-amd64-cygwin\jdk8u181\11358\hotspot\src\share\vm\prims\jni.cpp, line 709]
Event: 0.486 Thread 0x0000000002f64000 Exception <a 'sun/nio/fs/WindowsException'> (0x00000000ebeb0ab0) thrown at [C:\re\workspace\8-2-build-windows-amd64-cygwin\jdk8u181\11358\hotspot\src\share\vm\prims\jni.cpp, line 709]
Event: 0.486 Thread 0x0000000002f64000 Exception <a 'sun/nio/fs/WindowsException'> (0x00000000ebeb1248) thrown at [C:\re\workspace\8-2-build-windows-amd64-cygwin\jdk8u181\11358\hotspot\src\share\vm\prims\jni.cpp, line 709]
Event: 0.489 Thread 0x0000000002f64000 Exception <a 'sun/nio/fs/WindowsException'> (0x00000000ebec16b0) thrown at [C:\re\workspace\8-2-build-windows-amd64-cygwin\jdk8u181\11358\hotspot\src\share\vm\prims\jni.cpp, line 709]
Event: 0.489 Thread 0x0000000002f64000 Exception <a 'sun/nio/fs/WindowsException'> (0x00000000ebec1d00) thrown at [C:\re\workspace\8-2-build-windows-amd64-cygwin\jdk8u181\11358\hotspot\src\share\vm\prims\jni.cpp, line 709]
Event: 0.545 Thread 0x0000000002f64000 Exception <a 'sun/nio/fs/WindowsException'> (0x00000000ec060298) thrown at [C:\re\workspace\8-2-build-windows-amd64-cygwin\jdk8u181\11358\hotspot\src\share\vm\prims\jni.cpp, line 709]
Event: 0.545 Thread 0x0000000002f64000 Exception <a 'sun/nio/fs/WindowsException'> (0x00000000ec060a20) thrown at [C:\re\workspace\8-2-build-windows-amd64-cygwin\jdk8u181\11358\hotspot\src\share\vm\prims\jni.cpp, line 709]

Events (10 events):
Event: 0.730 loading class org/lwjgl/system/CheckIntrinsics
Event: 0.730 loading class org/lwjgl/system/CheckIntrinsics done
Event: 0.734 loading class org/lwjgl/system/MultiReleaseMemCopy
Event: 0.734 loading class org/lwjgl/system/MultiReleaseMemCopy done
Event: 0.737 loading class org/lwjgl/system/libc/LibCString
Event: 0.737 loading class org/lwjgl/system/libc/LibCString done
Event: 0.739 loading class org/lwjgl/opengl/GL11C
Event: 0.739 loading class org/lwjgl/opengl/GL11C done
Event: 4.151 Executing VM operation: EnableBiasedLocking
Event: 4.151 Executing VM operation: EnableBiasedLocking done


Dynamic libraries:
0x00007ff6efab0000 - 0x00007ff6efae7000 	C:\Program Files\Java\jdk1.8.0_181\bin\java.exe
0x00007fff5ca00000 - 0x00007fff5cbed000 	C:\WINDOWS\SYSTEM32\ntdll.dll
0x00007fff5bf10000 - 0x00007fff5bfc3000 	C:\WINDOWS\System32\KERNEL32.DLL
0x00007fff59970000 - 0x00007fff59c03000 	C:\WINDOWS\System32\KERNELBASE.dll
0x00007fff5bfd0000 - 0x00007fff5c073000 	C:\WINDOWS\System32\ADVAPI32.dll
0x00007fff5b830000 - 0x00007fff5b8ce000 	C:\WINDOWS\System32\msvcrt.dll
0x00007fff5c7c0000 - 0x00007fff5c85e000 	C:\WINDOWS\System32\sechost.dll
0x00007fff5c130000 - 0x00007fff5c252000 	C:\WINDOWS\System32\RPCRT4.dll
0x00007fff5b9a0000 - 0x00007fff5bb37000 	C:\WINDOWS\System32\USER32.dll
0x00007fff59950000 - 0x00007fff59970000 	C:\WINDOWS\System32\win32u.dll
0x00007fff5bb40000 - 0x00007fff5bb69000 	C:\WINDOWS\System32\GDI32.dll
0x00007fff595d0000 - 0x00007fff5976a000 	C:\WINDOWS\System32\gdi32full.dll
0x00007fff592a0000 - 0x00007fff59340000 	C:\WINDOWS\System32\msvcp_win.dll
0x00007fff59770000 - 0x00007fff5986a000 	C:\WINDOWS\System32\ucrtbase.dll
0x00007fff49160000 - 0x00007fff493d9000 	C:\WINDOWS\WinSxS\amd64_microsoft.windows.common-controls_6595b64144ccf1df_6.0.17763.475_none_05b43ca607202c6c\COMCTL32.dll
0x00007fff5bbe0000 - 0x00007fff5bf0c000 	C:\WINDOWS\System32\combase.dll
0x00007fff58ad0000 - 0x00007fff58b4e000 	C:\WINDOWS\System32\bcryptPrimitives.dll
0x00007fff5c080000 - 0x00007fff5c0ae000 	C:\WINDOWS\System32\IMM32.DLL
0x0000000062a60000 - 0x0000000062b32000 	C:\Program Files\Java\jdk1.8.0_181\jre\bin\msvcr100.dll
0x0000000062b40000 - 0x00000000633e2000 	C:\Program Files\Java\jdk1.8.0_181\jre\bin\server\jvm.dll
0x00007fff5c2d0000 - 0x00007fff5c2d8000 	C:\WINDOWS\System32\PSAPI.DLL
0x00007fff550b0000 - 0x00007fff550b9000 	C:\WINDOWS\SYSTEM32\WSOCK32.dll
0x00007fff50d70000 - 0x00007fff50d94000 	C:\WINDOWS\SYSTEM32\WINMM.dll
0x00007fff54c70000 - 0x00007fff54c7a000 	C:\WINDOWS\SYSTEM32\VERSION.dll
0x00007fff5c260000 - 0x00007fff5c2cd000 	C:\WINDOWS\System32\WS2_32.dll
0x00007fff50d40000 - 0x00007fff50d6d000 	C:\WINDOWS\SYSTEM32\winmmbase.dll
0x00007fff59340000 - 0x00007fff5938a000 	C:\WINDOWS\System32\cfgmgr32.dll
0x0000000062a10000 - 0x0000000062a1f000 	C:\Program Files\Java\jdk1.8.0_181\jre\bin\verify.dll
0x00000000629e0000 - 0x0000000062a09000 	C:\Program Files\Java\jdk1.8.0_181\jre\bin\java.dll
0x00000000629c0000 - 0x00000000629d6000 	C:\Program Files\Java\jdk1.8.0_181\jre\bin\zip.dll
0x00007fff59ec0000 - 0x00007fff5b3b0000 	C:\WINDOWS\System32\SHELL32.dll
0x00007fff5b5a0000 - 0x00007fff5b648000 	C:\WINDOWS\System32\shcore.dll
0x00007fff58b50000 - 0x00007fff5929a000 	C:\WINDOWS\System32\windows.storage.dll
0x00007fff58a80000 - 0x00007fff58aa4000 	C:\WINDOWS\System32\profapi.dll
0x00007fff58a20000 - 0x00007fff58a7d000 	C:\WINDOWS\System32\powrprof.dll
0x00007fff5c0b0000 - 0x00007fff5c102000 	C:\WINDOWS\System32\shlwapi.dll
0x00007fff58ab0000 - 0x00007fff58ac1000 	C:\WINDOWS\System32\kernel.appcore.dll
0x00007fff59c10000 - 0x00007fff59c27000 	C:\WINDOWS\System32\cryptsp.dll
0x00000000629a0000 - 0x00000000629ba000 	C:\Program Files\Java\jdk1.8.0_181\jre\bin\net.dll
0x00007fff58230000 - 0x00007fff58297000 	C:\WINDOWS\system32\mswsock.dll
0x0000000062980000 - 0x0000000062991000 	C:\Program Files\Java\jdk1.8.0_181\jre\bin\nio.dll
0x00007fff32a80000 - 0x00007fff32ae4000 	C:\Users\1styrGroupB\AppData\Local\Temp\lwjgl1styrGroupB\3.2.3-build-13\lwjgl.dll
0x00007fff28e70000 - 0x00007fff28ed2000 	C:\Users\1STYRG~2\AppData\Local\Temp\lwjgl1styrGroupB\3.2.3-build-13\glfw.dll
0x00007fff56f20000 - 0x00007fff56fbc000 	C:\WINDOWS\system32\uxtheme.dll
0x00007fff50e00000 - 0x00007fff50e44000 	C:\WINDOWS\SYSTEM32\dinput8.dll
0x00007fff44640000 - 0x00007fff44651000 	C:\WINDOWS\SYSTEM32\xinput1_4.dll
0x00007fff58810000 - 0x00007fff58839000 	C:\WINDOWS\SYSTEM32\DEVOBJ.dll
0x00007fff57010000 - 0x00007fff5703e000 	C:\WINDOWS\SYSTEM32\dwmapi.dll
0x00007fff593f0000 - 0x00007fff595cb000 	C:\WINDOWS\System32\CRYPT32.dll
0x00007fff58a00000 - 0x00007fff58a12000 	C:\WINDOWS\System32\MSASN1.dll
0x00007fff4bb00000 - 0x00007fff4bbcc000 	C:\WINDOWS\SYSTEM32\inputhost.dll
0x00007fff4a700000 - 0x00007fff4a7e2000 	C:\WINDOWS\SYSTEM32\CoreMessaging.dll
0x00007fff570f0000 - 0x00007fff572fd000 	C:\WINDOWS\SYSTEM32\twinapi.appcore.dll
0x00007fff4aba0000 - 0x00007fff4aec2000 	C:\WINDOWS\SYSTEM32\CoreUIComponents.dll
0x00007fff55ce0000 - 0x00007fff55f5e000 	C:\WINDOWS\SYSTEM32\d3d11.dll
0x00007fff55140000 - 0x00007fff55293000 	C:\WINDOWS\SYSTEM32\wintypes.dll
0x00007fff55f60000 - 0x00007fff56108000 	C:\WINDOWS\SYSTEM32\PROPSYS.dll
0x00007fff5b8d0000 - 0x00007fff5b994000 	C:\WINDOWS\System32\OLEAUT32.dll
0x00007fff57320000 - 0x00007fff57348000 	C:\WINDOWS\SYSTEM32\RMCLIENT.dll
0x00007fff57a80000 - 0x00007fff57ab1000 	C:\WINDOWS\SYSTEM32\ntmarta.dll
0x00007fff57740000 - 0x00007fff57802000 	C:\WINDOWS\SYSTEM32\dxgi.dll
0x00007fff49da0000 - 0x00007fff4a35e000 	C:\WINDOWS\SYSTEM32\d2d1.dll
0x00007fff5c860000 - 0x00007fff5c9ca000 	C:\WINDOWS\System32\MSCTF.dll
0x00007fff575f0000 - 0x00007fff575fe000 	C:\WINDOWS\SYSTEM32\HID.DLL
0x00007fff5c340000 - 0x00007fff5c7b6000 	C:\WINDOWS\System32\SETUPAPI.DLL
0x00007fff59920000 - 0x00007fff59946000 	C:\WINDOWS\System32\bcrypt.dll
0x00007fff59390000 - 0x00007fff593e9000 	C:\WINDOWS\System32\WINTRUST.dll
0x00007fff41120000 - 0x00007fff41247000 	C:\WINDOWS\SYSTEM32\opengl32.dll
0x00007fff410f0000 - 0x00007fff4111c000 	C:\WINDOWS\SYSTEM32\GLU32.dll
0x00007fff10130000 - 0x00007fff10c76000 	C:\WINDOWS\SYSTEM32\ig75icd64.dll
0x00007fff470a0000 - 0x00007fff47ae0000 	C:\WINDOWS\SYSTEM32\igdusc64.dll
0x00007fff54c80000 - 0x00007fff54c93000 	C:\WINDOWS\SYSTEM32\WTSAPI32.dll
0x00007fff4bbd0000 - 0x00007fff4bc65000 	C:\WINDOWS\System32\TextInputFramework.dll
0x00007fff38030000 - 0x00007fff38089000 	C:\Users\1styrGroupB\AppData\Local\Temp\lwjgl1styrGroupB\3.2.3-build-13\lwjgl_opengl.dll
0x00007fff21030000 - 0x00007fff21283000 	C:\Users\1STYRG~2\AppData\Local\Temp\lwjgl1styrGroupB\3.2.3-build-13\jemalloc.dll
0x00007fff5b650000 - 0x00007fff5b7a5000 	C:\WINDOWS\System32\ole32.dll
0x00007fff40c90000 - 0x00007fff40e7d000 	C:\WINDOWS\SYSTEM32\dbghelp.dll

VM Arguments:
jvm_args: -Dfile.encoding=UTF-8 
java_command: GameProject.GameProject
java_class_path (initial): C:\Users\1styrGroupB\Documents\JavaProjects\lwjgl\lwjgl-assimp-natives-windows.jar;C:\Users\1styrGroupB\Documents\JavaProjects\lwjgl\lwjgl-assimp.jar;C:\Users\1styrGroupB\Documents\JavaProjects\lwjgl\lwjgl-bgfx-natives-windows.jar;C:\Users\1styrGroupB\Documents\JavaProjects\lwjgl\lwjgl-bgfx.jar;C:\Users\1styrGroupB\Documents\JavaProjects\lwjgl\lwjgl-cuda.jar;C:\Users\1styrGroupB\Documents\JavaProjects\lwjgl\lwjgl-egl.jar;C:\Users\1styrGroupB\Documents\JavaProjects\lwjgl\lwjgl-glfw-natives-windows.jar;C:\Users\1styrGroupB\Documents\JavaProjects\lwjgl\lwjgl-glfw.jar;C:\Users\1styrGroupB\Documents\JavaProjects\lwjgl\lwjgl-jawt.jar;C:\Users\1styrGroupB\Documents\JavaProjects\lwjgl\lwjgl-jemalloc-natives-windows.jar;C:\Users\1styrGroupB\Documents\JavaProjects\lwjgl\lwjgl-jemalloc.jar;C:\Users\1styrGroupB\Documents\JavaProjects\lwjgl\lwjgl-libdivide-natives-windows.jar;C:\Users\1styrGroupB\Documents\JavaProjects\lwjgl\lwjgl-libdivide.jar;C:\Users\1styrGroupB\Documents\JavaProjects\lwjgl\lwjgl-llvm-natives-windows.jar;C:\Users\1styrGroupB\Documents\JavaProjects\lwjgl\lwjgl-llvm.jar;C:\Users\1styrGroupB\Documents\JavaProjects\lwjgl\lwjgl-lmdb-natives-windows.jar;C:\Users\1styrGroupB\Documents\JavaProjects\lwjgl\lwjgl-lmdb.jar;C:\Users\1styrGroupB\Documents\JavaProjects\lwjgl\lwjgl-lz4-natives-windows.jar;C:\Users\1styrGroupB\Documents\JavaProjects\lwjgl\lwjgl-lz4.jar;C:\Users\1styrGroupB\Documents\JavaProjects\lwjgl\lwjgl-meow-natives-windows.jar;C:\Users\1styrGroupB\Documents\JavaProjects\lwjgl\lwjgl-meow.jar;C:\Users\1styrGroupB\Documents\JavaProjects\lwjgl\lwjgl-nanovg-natives-windows.jar;C:\Users\1styrGroupB\Documents\JavaProjects\lwjgl\lwjgl-nanovg.jar;C:\Users\1styrGroupB\Documents\JavaProjects\lwjgl\lwjgl-natives-windows.jar;C:\Users\1styrGroupB\Documents\JavaProjects\lwjgl\lwjgl-nfd-natives-windows.jar;C:\Users\1styrGroupB\Documents\JavaProjects\lwjgl\lwjgl-nfd.jar;C:\Users\1styrGroupB\Documents\JavaProjects\lwjgl\lwjgl-nuklear-natives-w
Launcher Type: SUN_STANDARD

Environment Variables:
PATH=C:\Program Files\Python37\Scripts\;C:\Program Files\Python37\;C:\Program Files (x86)\Common Files\Oracle\Java\javapath;C:\Windows\system32;C:\Windows;C:\Windows\System32\Wbem;C:\Windows\System32\WindowsPowerShell\v1.0\;C:\Program Files\Microsoft VS Code\bin;C:\Program Files (x86)\NVIDIA Corporation\PhysX\Common;C:\Program Files\PuTTY\;C:\Program Files\nodejs\;C:\Program Files\Microsoft SQL Server\Client SDK\ODBC\130\Tools\Binn\;C:\Program Files (x86)\Microsoft SQL Server\130\Tools\Binn\;C:\Program Files\Microsoft SQL Server\130\Tools\Binn\;C:\Program Files\Microsoft SQL Server\130\DTS\Binn\;C:\Program Files\Java\jdk1.8.0_181\bin;C:\WINDOWS\system32;C:\WINDOWS;C:\WINDOWS\System32\Wbem;C:\WINDOWS\System32\WindowsPowerShell\v1.0\;C:\WINDOWS\System32\OpenSSH\;C:\Program Files (x86)\Microsoft SQL Server\150\DTS\Binn\;C:\Program Files (x86)\IVI Foundation\VISA\WinNT\Bin;C:\Program Files\dotnet\;C:\Program Files\Git\cmd;C:\Program Files\heroku\bin;C:\Users\2ndyrgroupa\AppData\Roaming\npm\;C:\Program Files\Microsoft SQL Server\Client SDK\ODBC\170\Tools\Binn\;%C:\Users\Public\Documents\xampp\php;C:\Users\1styrGroupB\.dotnet\tools;C:\Users\1styrGroupB\AppData\Local\JetBrains\PyCharm Community Edition 2020.1.1\bin;;C:\Users\1styrGroupB\AppData\Local\Turbo C\bin;
USERNAME=1styrGroupB
OS=Windows_NT
PROCESSOR_IDENTIFIER=Intel64 Family 6 Model 60 Stepping 3, GenuineIntel



---------------  S Y S T E M  ---------------

OS: Windows 10.0 , 64 bit Build 17763 (10.0.17763.475)

CPU:total 4 (initial active 4) (4 cores per cpu, 1 threads per core) family 6 model 60 stepping 3, cmov, cx8, fxsr, mmx, sse, sse2, sse3, ssse3, sse4.1, sse4.2, popcnt, avx, avx2, aes, clmul, erms, lzcnt, tsc, tscinvbit, bmi1, bmi2

Memory: 4k page, physical 4062168k(621124k free), swap 7732184k(1580916k free)

vm_info: Java HotSpot(TM) 64-Bit Server VM (25.181-b13) for windows-amd64 JRE (1.8.0_181-b13), built on Jul  7 2018 04:01:33 by "java_re" with MS VC++ 10.0 (VS2010)

time: Mon Jun 01 14:29:15 2020
elapsed time: 13 seconds (0d 0h 0m 13s)

